2025-07-11 15:28:30 | INFO     | recipe_assistant.config:213 | Logging configured - Level: DEBUG, Dir: logs
2025-07-11 15:28:30 | DEBUG    | recipe_assistant.app:31 | This is a debug message
2025-07-11 15:28:30 | INFO     | recipe_assistant.app:32 | Application started successfully
2025-07-11 15:28:30 | WARNING  | meal_planner:33 | This is a warning message
2025-07-11 15:28:30 | ERROR    | api:34 | This is an error message
2025-07-11 15:28:30 | CRITICAL | recipe_assistant.app:35 | This is a critical message
2025-10-30 22:30:49,697 - src.api.middleware - INFO - Middleware configured successfully
2025-10-30 22:30:49,711 - src.api.middleware - INFO - Exception handlers configured successfully
2025-11-03 18:36:49,291 - src.api.middleware - INFO - Middleware configured successfully
2025-11-03 18:36:49,292 - src.api.middleware - INFO - Exception handlers configured successfully
2025-11-05 16:41:29,977 - src.api.middleware - INFO - Middleware configured successfully
2025-11-05 16:41:29,980 - src.api.middleware - INFO - Exception handlers configured successfully
2025-11-06 16:42:23,274 - src.api.middleware - INFO - Middleware configured successfully
2025-11-06 16:42:23,275 - src.api.middleware - INFO - Exception handlers configured successfully
2025-11-06 16:45:04,981 - src.api.middleware - INFO - Middleware configured successfully
2025-11-06 16:45:04,982 - src.api.middleware - INFO - Exception handlers configured successfully
2025-11-06 16:45:24,502 - src.api.middleware - INFO - Middleware configured successfully
2025-11-06 16:45:24,504 - src.api.middleware - INFO - Exception handlers configured successfully
2025-11-06 16:45:56,352 - src.api.middleware - INFO - Middleware configured successfully
2025-11-06 16:45:56,353 - src.api.middleware - INFO - Exception handlers configured successfully
2025-11-06 16:59:47,285 - src.api.middleware - INFO - Middleware configured successfully
2025-11-06 16:59:47,286 - src.api.middleware - INFO - Exception handlers configured successfully
2025-11-06 17:00:55,303 - src.api.middleware - INFO - Middleware configured successfully
2025-11-06 17:00:55,306 - src.api.middleware - INFO - Exception handlers configured successfully
2025-11-06 17:08:03,759 - src.api.middleware - INFO - Middleware configured successfully
2025-11-06 17:08:03,760 - src.api.middleware - INFO - Exception handlers configured successfully
2025-11-12 14:48:01,000 - src.api.middleware - INFO - Middleware configured successfully
2025-11-12 14:48:01,002 - src.api.middleware - INFO - Exception handlers configured successfully
2025-11-12 14:48:01,119 - src.api.main - INFO - starting Recipe Assistant API v1.0.0
2025-11-12 14:48:01,120 - src.api.main - INFO - environment: development
2025-11-12 14:48:01,120 - src.api.main - INFO - debug mode: False
2025-11-12 14:48:01,179 - src.database.db_manager - INFO - Database schema initialized successfully
2025-11-12 14:48:01,180 - src.database.db_manager - INFO - Database Manager initialized: data\recipe_assistant.db
2025-11-12 14:48:01,182 - src.api.main - INFO - database initialized: {'users': 0, 'recipes': 0, 'meal_plans': 0, 'ratings': 0, 'db_size_mb': 0.28125}
2025-11-12 14:48:01,183 - src.api.main - ERROR - failed to initialize database: 'DatabaseManager' object has no attribute 'conn'
2025-11-13 11:01:12,562 - src.api.middleware - INFO - Middleware configured successfully
2025-11-13 11:01:12,563 - src.api.middleware - INFO - Exception handlers configured successfully
2025-11-13 11:01:12,591 - src.api.main - INFO - starting Recipe Assistant API v1.0.0
2025-11-13 11:01:12,591 - src.api.main - INFO - environment: development
2025-11-13 11:01:12,592 - src.api.main - INFO - debug mode: False
2025-11-13 11:01:12,628 - src.database.db_manager - INFO - Database schema initialized successfully
2025-11-13 11:01:12,629 - src.database.db_manager - INFO - Database Manager initialized: data\recipe_assistant.db
2025-11-13 11:01:12,630 - src.api.main - INFO - database initialized: {'users': 0, 'recipes': 0, 'meal_plans': 0, 'ratings': 0, 'db_size_mb': 0.28125}
2025-11-13 11:01:12,630 - src.api.main - ERROR - failed to initialize database: 'DatabaseManager' object has no attribute 'conn'
2025-11-14 01:12:15,444 - src.api.middleware - INFO - Middleware configured successfully
2025-11-14 01:12:15,444 - src.api.middleware - INFO - Exception handlers configured successfully
2025-11-14 01:12:15,480 - src.api.main - INFO - starting Recipe Assistant API v1.0.0
2025-11-14 01:12:15,480 - src.api.main - INFO - environment: development
2025-11-14 01:12:15,481 - src.api.main - INFO - debug mode: False
2025-11-14 01:12:15,489 - src.database.db_manager - INFO - Database schema initialized successfully
2025-11-14 01:12:15,490 - src.database.db_manager - INFO - Database Manager initialized: data\recipe_assistant.db
2025-11-14 01:12:15,491 - src.api.main - INFO - database initialized: {'users': 1, 'recipes': 6, 'meal_plans': 0, 'ratings': 0, 'db_size_mb': 0.2890625}
2025-11-14 01:12:15,491 - src.api.main - ERROR - failed to initialize database: no such column: migration_name
2025-11-14 01:12:25,300 - src.api.middleware - INFO - Middleware configured successfully
2025-11-14 01:12:25,300 - src.api.middleware - INFO - Exception handlers configured successfully
2025-11-14 01:12:25,333 - src.api.main - INFO - starting Recipe Assistant API v1.0.0
2025-11-14 01:12:25,333 - src.api.main - INFO - environment: development
2025-11-14 01:12:25,333 - src.api.main - INFO - debug mode: False
2025-11-14 01:12:25,341 - src.database.db_manager - INFO - Database schema initialized successfully
2025-11-14 01:12:25,341 - src.database.db_manager - INFO - Database Manager initialized: data\recipe_assistant.db
2025-11-14 01:12:25,342 - src.api.main - INFO - database initialized: {'users': 1, 'recipes': 6, 'meal_plans': 0, 'ratings': 0, 'db_size_mb': 0.2890625}
2025-11-14 01:12:25,343 - src.api.main - ERROR - failed to initialize database: no such column: migration_name
2025-11-17 16:47:26,019 - src.api.middleware - INFO - Middleware configured successfully
2025-11-17 16:47:26,021 - src.api.middleware - INFO - Exception handlers configured successfully
2025-11-17 16:47:26,262 - src.api.main - INFO - starting Recipe Assistant API v1.0.0
2025-11-17 16:47:26,263 - src.api.main - INFO - environment: development
2025-11-17 16:47:26,264 - src.api.main - INFO - debug mode: False
2025-11-17 16:47:26,315 - src.database.db_manager - INFO - Database schema initialized successfully
2025-11-17 16:47:26,317 - src.database.db_manager - INFO - Database Manager initialized: data\recipe_assistant.db
2025-11-17 16:47:26,320 - src.api.main - INFO - database initialized: {'users': 1, 'recipes': 6, 'meal_plans': 0, 'ratings': 0, 'db_size_mb': 0.2890625}
2025-11-17 16:47:26,322 - src.api.main - ERROR - failed to initialize database: no such column: migration_name
